<?xml version="1.0" encoding="UTF-8"?>
<!-- Generated by org.testng.reporters.JUnitReportReporter -->
<testsuite hostname="LAPTOP-QUMG6PNP" failures="0" tests="1" name="test.softassertion" time="8.152" errors="0" timestamp="2021-10-06T07:06:03 IST" skipped="0">
  <testcase classname="test.softassertion" name="assertion" time="8.152"/>
  <system-out/>
</testsuite> <!-- test.softassertion -->
