<?xml version="1.0" encoding="UTF-8"?>
<!-- Generated by org.testng.reporters.JUnitReportReporter -->
<testsuite hostname="LAPTOP-QUMG6PNP" failures="0" tests="3" name="test.test11" time="0.004" errors="0" timestamp="2021-09-21T22:45:02 IST" skipped="0">
  <testcase classname="test.test11" name="database" time="0.001"/>
  <system-out/>
  <testcase classname="test.test11" name="database" time="0.002"/>
  <system-out/>
  <testcase classname="test.test11" name="database" time="0.001"/>
  <system-out/>
</testsuite> <!-- test.test11 -->
