<?xml version="1.0" encoding="UTF-8"?>
<!-- Generated by org.testng.reporters.JUnitReportReporter -->
<testsuite hostname="LAPTOP-QUMG6PNP" failures="0" tests="4" name="test.test3" time="0.005" errors="0" timestamp="2021-09-28T14:21:56 IST" skipped="0">
  <testcase classname="test.test3" name="Submitapplicationtestcase" time="0.001"/>
  <system-out/>
  <testcase classname="test.test3" name="Registerusertestcase" time="0.000"/>
  <system-out/>
  <testcase classname="test.test3" name="Createnewapplicationtestcase" time="0.001"/>
  <system-out/>
  <testcase classname="test.test3" name="Submitapplicationtestcase2" time="0.003"/>
  <system-out/>
</testsuite> <!-- test.test3 -->
